2025-06-30 17:57:05 [INFO] - INICIANDO: Preparacion del paquete Lambda
2025-06-30 17:57:05 [INFO] - VALIDACION: .NET Framework disponible
2025-06-30 17:57:05 [INFO] - LIMPIEZA: Limpiando carpetas si existen
2025-06-30 17:57:05 [INFO] - SETUP: Creando carpetas de trabajo
2025-06-30 17:57:05 [INFO] - DEPENDENCIAS: Instalando dependencias desde requirements.txt
2025-06-30 17:57:05 [INFO] - DEPENDENCIAS: Ejecutando pip install
2025-06-30 17:57:49 [INFO] - DEPENDENCIAS: Instalacion exitosa - Se detectaron 11 paquetes principales
2025-06-30 17:57:49 [INFO] -   - boto3 instalado
2025-06-30 17:57:49 [INFO] -   - boto3-1.39.0.dist-info instalado
2025-06-30 17:57:49 [INFO] -   - openpyxl instalado
2025-06-30 17:57:49 [INFO] -   - openpyxl-3.1.5.dist-info instalado
2025-06-30 17:57:49 [INFO] -   - pandas instalado
2025-06-30 17:57:49 [INFO] -   - pandas-2.3.0.dist-info instalado
2025-06-30 17:57:49 [INFO] -   - pandas.libs instalado
2025-06-30 17:57:49 [INFO] -   - pydantic instalado
2025-06-30 17:57:49 [INFO] -   - pydantic-1.10.22.dist-info instalado
2025-06-30 17:57:49 [INFO] -   - requests instalado
2025-06-30 17:57:49 [INFO] -   - requests-2.32.4.dist-info instalado
2025-06-30 17:57:49 [INFO] - VERIFICACION: Total de 40 directorios de paquetes en build
2025-06-30 17:57:49 [INFO] - COPIA: Copiando archivos fuente con exclusiones agresivas
2025-06-30 17:57:52 [INFO] - COPIA: Se copiaron 13 archivos (0.02 MB), se excluyeron 17986
2025-06-30 17:57:52 [INFO] - EXCLUSION: Se excluyeron 4607 archivos de entornos virtuales
2025-06-30 17:57:52 [INFO] - OPTIMIZACION: Optimizando dependencias pesadas para AWS Lambda
2025-06-30 17:57:53 [INFO] - OPTIMIZACION: Removido tests de pandas
2025-06-30 17:57:53 [INFO] - OPTIMIZACION: Removido _testing de pandas
2025-06-30 17:57:53 [INFO] - OPTIMIZACION: Removido tests de numpy
2025-06-30 17:57:53 [INFO] - OPTIMIZACION: Optimizado servicios de boto3
2025-06-30 17:57:55 [INFO] - OPTIMIZACION: Optimizado servicios de botocore
2025-06-30 17:57:55 [INFO] - OPTIMIZACION: Optimizacion de dependencias completada
2025-06-30 17:57:56 [INFO] - CONTEO: Se empaquetaran 4513 archivos en total (post-optimizacion)
2025-06-30 17:57:56 [INFO] - VERIFICACION: Se encontraron 1211 archivos Python
2025-06-30 17:57:56 [INFO] - COMPRESION: Empaquetando ZIP con compresion Optimal
2025-06-30 17:58:21 [SUCCESS] - EXITO: ZIP creado en: C:\Proyectos\Popular\Lambdas\sync_rules_lambda\Publicar\sync_rules_lambda_20250630_175756.zip
2025-06-30 17:58:21 [INFO] - VALIDACION: Validando integridad del ZIP
2025-06-30 17:58:21 [SUCCESS] - EXITO: ZIP contiene 4513 entradas
2025-06-30 17:58:21 [INFO] - TAMANO: ZIP final de 35.63 MB
2025-06-30 17:58:21 [SUCCESS] - EXITO: ZIP de 35.63 MB - OK para carga directa en consola AWS
2025-06-30 17:58:23 [INFO] - LIMPIEZA: Carpeta build eliminada
2025-06-30 17:58:23 [INFO] - COMPLETADO: Paquete listo para AWS Lambda
2025-06-30 17:58:23 [INFO] - UBICACION: C:\Proyectos\Popular\Lambdas\sync_rules_lambda\Publicar\sync_rules_lambda_20250630_175756.zip
